c:\tilesoft\wpak\wpak\debug\vc142.pdb
c:\tilesoft\wpak\wpak\debug\.netframework,version=v4.8.assemblyattributes.obj
c:\tilesoft\wpak\wpak\debug\.netframework,version=v4.8.assemblyattributes.asm
c:\tilesoft\wpak\wpak\debug\winmain.obj
c:\tilesoft\wpak\debug\wpak.exe
c:\tilesoft\wpak\debug\wpak.pdb
c:\tilesoft\wpak\wpak\debug\vcpkg.applocal.log
c:\tilesoft\wpak\wpak\debug\wpak.winmain.resources
c:\tilesoft\wpak\wpak\debug\wpak.vcxproj.generateresource.cache
c:\tilesoft\wpak\wpak\debug\wpak.vcxprojassemblyreference.cache
c:\tilesoft\wpak\wpak\debug\wpak.tlog\cl.command.1.tlog
c:\tilesoft\wpak\wpak\debug\wpak.tlog\cl.read.1.tlog
c:\tilesoft\wpak\wpak\debug\wpak.tlog\cl.write.1.tlog
c:\tilesoft\wpak\wpak\debug\wpak.tlog\link.10204.delete.1.tlog
c:\tilesoft\wpak\wpak\debug\wpak.tlog\link.10308.delete.1.tlog
c:\tilesoft\wpak\wpak\debug\wpak.tlog\link.10700.delete.1.tlog
c:\tilesoft\wpak\wpak\debug\wpak.tlog\link.10960.delete.1.tlog
c:\tilesoft\wpak\wpak\debug\wpak.tlog\link.1128.delete.1.tlog
c:\tilesoft\wpak\wpak\debug\wpak.tlog\link.11412.delete.1.tlog
c:\tilesoft\wpak\wpak\debug\wpak.tlog\link.11548.delete.1.tlog
c:\tilesoft\wpak\wpak\debug\wpak.tlog\link.11556.delete.1.tlog
c:\tilesoft\wpak\wpak\debug\wpak.tlog\link.11752.delete.1.tlog
c:\tilesoft\wpak\wpak\debug\wpak.tlog\link.11844.delete.1.tlog
c:\tilesoft\wpak\wpak\debug\wpak.tlog\link.11964.delete.1.tlog
c:\tilesoft\wpak\wpak\debug\wpak.tlog\link.12184.delete.1.tlog
c:\tilesoft\wpak\wpak\debug\wpak.tlog\link.12208.delete.1.tlog
c:\tilesoft\wpak\wpak\debug\wpak.tlog\link.1240.delete.1.tlog
c:\tilesoft\wpak\wpak\debug\wpak.tlog\link.12924.delete.1.tlog
c:\tilesoft\wpak\wpak\debug\wpak.tlog\link.13056.delete.1.tlog
c:\tilesoft\wpak\wpak\debug\wpak.tlog\link.13244.delete.1.tlog
c:\tilesoft\wpak\wpak\debug\wpak.tlog\link.13268.delete.1.tlog
c:\tilesoft\wpak\wpak\debug\wpak.tlog\link.13284.delete.1.tlog
c:\tilesoft\wpak\wpak\debug\wpak.tlog\link.13328.delete.1.tlog
c:\tilesoft\wpak\wpak\debug\wpak.tlog\link.13352.delete.1.tlog
c:\tilesoft\wpak\wpak\debug\wpak.tlog\link.13452.delete.1.tlog
c:\tilesoft\wpak\wpak\debug\wpak.tlog\link.13964.delete.1.tlog
c:\tilesoft\wpak\wpak\debug\wpak.tlog\link.14128.delete.1.tlog
c:\tilesoft\wpak\wpak\debug\wpak.tlog\link.14184.delete.1.tlog
c:\tilesoft\wpak\wpak\debug\wpak.tlog\link.14700.delete.1.tlog
c:\tilesoft\wpak\wpak\debug\wpak.tlog\link.14828.delete.1.tlog
c:\tilesoft\wpak\wpak\debug\wpak.tlog\link.15104.delete.1.tlog
c:\tilesoft\wpak\wpak\debug\wpak.tlog\link.15368.delete.1.tlog
c:\tilesoft\wpak\wpak\debug\wpak.tlog\link.16020.delete.1.tlog
c:\tilesoft\wpak\wpak\debug\wpak.tlog\link.16092.delete.1.tlog
c:\tilesoft\wpak\wpak\debug\wpak.tlog\link.1628.delete.1.tlog
c:\tilesoft\wpak\wpak\debug\wpak.tlog\link.1880.delete.1.tlog
c:\tilesoft\wpak\wpak\debug\wpak.tlog\link.2388.delete.1.tlog
c:\tilesoft\wpak\wpak\debug\wpak.tlog\link.2492.delete.1.tlog
c:\tilesoft\wpak\wpak\debug\wpak.tlog\link.2812.delete.1.tlog
c:\tilesoft\wpak\wpak\debug\wpak.tlog\link.2844.delete.1.tlog
c:\tilesoft\wpak\wpak\debug\wpak.tlog\link.4272.delete.1.tlog
c:\tilesoft\wpak\wpak\debug\wpak.tlog\link.4280.delete.1.tlog
c:\tilesoft\wpak\wpak\debug\wpak.tlog\link.4300.delete.1.tlog
c:\tilesoft\wpak\wpak\debug\wpak.tlog\link.4500.delete.1.tlog
c:\tilesoft\wpak\wpak\debug\wpak.tlog\link.4696.delete.1.tlog
c:\tilesoft\wpak\wpak\debug\wpak.tlog\link.4872.delete.1.tlog
c:\tilesoft\wpak\wpak\debug\wpak.tlog\link.5104.delete.1.tlog
c:\tilesoft\wpak\wpak\debug\wpak.tlog\link.5708.delete.1.tlog
c:\tilesoft\wpak\wpak\debug\wpak.tlog\link.5720.delete.1.tlog
c:\tilesoft\wpak\wpak\debug\wpak.tlog\link.6760.delete.1.tlog
c:\tilesoft\wpak\wpak\debug\wpak.tlog\link.6916.delete.1.tlog
c:\tilesoft\wpak\wpak\debug\wpak.tlog\link.6920.delete.1.tlog
c:\tilesoft\wpak\wpak\debug\wpak.tlog\link.6960.delete.1.tlog
c:\tilesoft\wpak\wpak\debug\wpak.tlog\link.708.delete.1.tlog
c:\tilesoft\wpak\wpak\debug\wpak.tlog\link.7348.delete.1.tlog
c:\tilesoft\wpak\wpak\debug\wpak.tlog\link.7384.delete.1.tlog
c:\tilesoft\wpak\wpak\debug\wpak.tlog\link.8056.delete.1.tlog
c:\tilesoft\wpak\wpak\debug\wpak.tlog\link.8240.delete.1.tlog
c:\tilesoft\wpak\wpak\debug\wpak.tlog\link.8748.delete.1.tlog
c:\tilesoft\wpak\wpak\debug\wpak.tlog\link.8920.delete.1.tlog
c:\tilesoft\wpak\wpak\debug\wpak.tlog\link.8964.delete.1.tlog
c:\tilesoft\wpak\wpak\debug\wpak.tlog\link.9132.delete.1.tlog
c:\tilesoft\wpak\wpak\debug\wpak.tlog\link.9144.delete.1.tlog
c:\tilesoft\wpak\wpak\debug\wpak.tlog\link.9220.delete.1.tlog
c:\tilesoft\wpak\wpak\debug\wpak.tlog\link.9408.delete.1.tlog
c:\tilesoft\wpak\wpak\debug\wpak.tlog\link.9428.delete.1.tlog
c:\tilesoft\wpak\wpak\debug\wpak.tlog\link.9548.delete.1.tlog
c:\tilesoft\wpak\wpak\debug\wpak.tlog\link.command.1.tlog
c:\tilesoft\wpak\wpak\debug\wpak.tlog\link.read.1.tlog
c:\tilesoft\wpak\wpak\debug\wpak.tlog\link.write.1.tlog
c:\tilesoft\wpak\wpak\debug\wpak.tlog\metagen.read.1.tlog
c:\tilesoft\wpak\wpak\debug\wpak.tlog\metagen.write.1.tlog
c:\tilesoft\wpak\wpak\debug\wpak.tlog\wpak.write.1u.tlog
